Starting system health check...
Starting system health check...
Starting system health check...
Starting system health check...
Mon Mar  9 17:59:33 UTC 2026 - CPU usage normal: %
Mon Mar  9 17:59:33 UTC 2026 - Memory usage normal: %
Mon Mar  9 17:59:33 UTC 2026 - Disk usage normal: 32%
Mon Mar  9 17:59:33 UTC 2026 - ssh is running
Mon Mar  9 17:59:33 UTC 2026 - cron is running
Health check finished.
Starting system health check...
Mon Mar  9 18:22:55 UTC 2026 - CPU usage normal: 47%
Mon Mar  9 18:22:55 UTC 2026 - Memory usage normal: %
Mon Mar  9 18:22:55 UTC 2026 - Disk usage normal: 32%
Mon Mar  9 18:22:55 UTC 2026 - ssh is running
Mon Mar  9 18:22:55 UTC 2026 - ALERT: cron is not running
Health check finished.
Starting system health check...
Mon Mar  9 18:51:21 UTC 2026 - High CPU usage: 81%
Mon Mar  9 18:51:21 UTC 2026 - Memory usage normal: %
Mon Mar  9 18:51:21 UTC 2026 - Disk usage normal: 32%
Mon Mar  9 18:51:21 UTC 2026 - ssh is running
Mon Mar  9 18:51:21 UTC 2026 - ALERT: cron is not running
Health check finished.
Starting system health check...
Mon Mar  9 18:56:38 UTC 2026 - CPU usage normal: 20%
Mon Mar  9 18:56:38 UTC 2026 - Memory usage normal: 38%
Mon Mar  9 18:56:38 UTC 2026 - Disk usage normal: 32%
Mon Mar  9 18:56:38 UTC 2026 - ssh is running
Mon Mar  9 18:56:38 UTC 2026 - ALERT: cron is not running
Health check finished.
Starting system health check...
Mon Mar  9 19:42:20 UTC 2026 - CPU usage normal: 23%
Mon Mar  9 19:42:20 UTC 2026 - Memory usage normal: 38%
Mon Mar  9 19:42:20 UTC 2026 - Disk usage normal: 32%
Mon Mar  9 19:42:20 UTC 2026 - ssh is running
Mon Mar  9 19:42:20 UTC 2026 - cron is running
Health check finished.
